<?xml version="1.0" encoding="UTF-8"?>
<testng-results total="1" passed="1" failed="0" skipped="0">
  <reporter-output>
  </reporter-output>
  <suite started-at="2022-11-04T23:36:55Z" name="Suite" finished-at="2022-11-04T23:37:04Z" duration-ms="9574">
    <groups>
    </groups>
    <test started-at="2022-11-04T23:36:55Z" name="Test" finished-at="2022-11-04T23:37:04Z" duration-ms="9574">
      <class name="selenium.MainTest">
        <test-method is-config="true" signature="setUp()[pri:0, instance:selenium.MainTest@536f2a7e]" started-at="2022-11-05T00:36:55Z" name="setUp" finished-at="2022-11-05T00:36:58Z" duration-ms="3447" status="PASS">
          <reporter-output>
          </reporter-output>
        </test-method> <!-- setUp -->
        <test-method signature="main()[pri:0, instance:selenium.MainTest@536f2a7e]" started-at="2022-11-05T00:36:58Z" name="main" finished-at="2022-11-05T00:37:04Z" duration-ms="6033" status="PASS">
          <reporter-output>
          </reporter-output>
        </test-method> <!-- main -->
        <test-method is-config="true" signature="tearDown()[pri:0, instance:selenium.MainTest@536f2a7e]" started-at="2022-11-05T00:37:04Z" name="tearDown" finished-at="2022-11-05T00:37:04Z" duration-ms="88" status="PASS">
          <reporter-output>
          </reporter-output>
        </test-method> <!-- tearDown -->
      </class> <!-- selenium.MainTest -->
    </test> <!-- Test -->
  </suite> <!-- Suite -->
</testng-results>
